Terminals unused in grammar

    FOREACH
    IN


State 0 conflicts: 1 shift/reduce


Grammar

    0 $accept: program $end

    1 program: functions

    2 functions: %empty
    3          | functions function
    4          | function

    5 begin_params: BEGIN_PARAMS

    6 end_params: END_PARAMS

    7 params: begin_params declarations end_params

    8 locals: BEGIN_LOCALS declarations END_LOCALS

    9 body: BEGIN_BODY statements END_BODY

   10 function: FUNCTION IDENT SEMICOLON params locals body

   11 declarations: declarations SEMICOLON
   12             | %empty
   13             | declarations SEMICOLON declaration
   14             | declaration

   15 declaration: IDENT COMMA declaration
   16            | IDENT COLON INTEGER
   17            | IDENT COLON ARRAY L_SQUARE_BRACKET NUMBER R_SQUARE_BRACKET OF INTEGER
   18            | IDENT COLON ARRAY L_SQUARE_BRACKET NUMBER R_SQUARE_BRACKET L_SQUARE_BRACKET NUMBER R_SQUARE_BRACKET OF INTEGER

   19 statements: statements SEMICOLON
   20           | %empty
   21           | statements SEMICOLON statement
   22           | statement

   23 statement: var ASSIGN expression
   24          | IF bool-expr THEN statements ENDIF
   25          | IF bool-expr THEN statements ELSE statements ENDIF
   26          | WHILE bool-expr BEGINLOOP statements ENDLOOP
   27          | DO BEGINLOOP statements ENDLOOP WHILE bool-expr
   28          | FOR var ASSIGN NUMBER SEMICOLON bool-expr SEMICOLON var ASSIGN expression BEGINLOOP statements ENDLOOP
   29          | READ vars
   30          | WRITE vars
   31          | CONTINUE
   32          | RETURN expression

   33 term: var
   34     | NUMBER
   35     | IDENT L_PAREN expression_chain R_PAREN
   36     | L_PAREN expression R_PAREN
   37     | SUB var
   38     | SUB NUMBER
   39     | SUB L_PAREN expression R_PAREN
   40     | SUB IDENT L_PAREN expression_chain R_PAREN

   41 multiplicative_expression_0: multiplicative_expression

   42 multiplicative_expression: term MULT multiplicative_expression_0
   43                          | term DIV multiplicative_expression_0
   44                          | term MOD multiplicative_expression_0
   45                          | term

   46 bool-expr: relation-and-expr OR bool-expr
   47          | relation-and-expr

   48 relation-and-expr: relation-expr AND relation-and-expr
   49                  | relation-expr

   50 relation-expr: expression comp expression
   51              | NOT expression comp expression
   52              | TRUE
   53              | FALSE
   54              | NOT TRUE
   55              | NOT FALSE
   56              | L_PAREN bool-expr R_PAREN
   57              | NOT L_PAREN bool-expr R_PAREN

   58 comp: EQ
   59     | NEQ
   60     | LT
   61     | GT
   62     | LTE
   63     | GTE

   64 expression: multiplicative_expression ADD expression
   65           | multiplicative_expression SUB expression
   66           | multiplicative_expression

   67 expression_chain: expression_chain COMMA expression
   68                 | expression

   69 vars: vars COMMA var
   70     | var

   71 var: IDENT
   72    | IDENT L_SQUARE_BRACKET expression R_SQUARE_BRACKET
   73    | IDENT L_SQUARE_BRACKET expression R_SQUARE_BRACKET L_SQUARE_BRACKET expression R_SQUARE_BRACKET


Terminals, with rules where they appear

    $end (0) 0
    error (256)
    AND (258) 48
    OR (259) 46
    NOT (260) 51 54 55 57
    TRUE (261) 52 54
    FALSE (262) 53 55
    IF (263) 24 25
    THEN (264) 24 25
    ELSE (265) 25
    ENDIF (266) 24 25
    WHILE (267) 26 27
    DO (268) 27
    BEGINLOOP (269) 26 27 28
    ENDLOOP (270) 26 27 28
    FOR (271) 28
    FOREACH (272)
    IN (273)
    CONTINUE (274) 31
    FUNCTION (275) 10
    RETURN (276) 32
    BEGIN_PARAMS (277) 5
    END_PARAMS (278) 6
    BEGIN_LOCALS (279) 8
    END_LOCALS (280) 8
    BEGIN_BODY (281) 9
    END_BODY (282) 9
    INTEGER <ival> (283) 16 17 18
    ARRAY (284) 17 18
    OF (285) 17 18
    READ (286) 29
    WRITE (287) 30
    ADD (288) 64
    SUB (289) 37 38 39 40 65
    MULT (290) 42
    DIV (291) 43
    MOD (292) 44
    EQ (293) 58
    ASSIGN (294) 23 28
    NEQ (295) 59
    LT (296) 60
    GT (297) 61
    LTE (298) 62
    GTE (299) 63
    L_PAREN (300) 35 36 39 40 56 57
    R_PAREN (301) 35 36 39 40 56 57
    L_SQUARE_BRACKET (302) 17 18 72 73
    R_SQUARE_BRACKET (303) 17 18 72 73
    SEMICOLON (304) 10 11 13 19 21 28
    COLON (305) 16 17 18
    COMMA (306) 15 67 69
    IDENT <sval> (307) 10 15 16 17 18 35 40 71 72 73
    NUMBER <ival> (308) 17 18 28 34 38


Nonterminals, with rules where they appear

    $accept (54)
        on left: 0
    program <generic> (55)
        on left: 1
        on right: 0
    functions <generic> (56)
        on left: 2 3 4
        on right: 1 3
    begin_params (57)
        on left: 5
        on right: 7
    end_params (58)
        on left: 6
        on right: 7
    params <generic> (59)
        on left: 7
        on right: 10
    locals <generic> (60)
        on left: 8
        on right: 10
    body <generic> (61)
        on left: 9
        on right: 10
    function <generic> (62)
        on left: 10
        on right: 3 4
    declarations <expressionContainer> (63)
        on left: 11 12 13 14
        on right: 7 8 11 13
    declaration <expressionContainer> (64)
        on left: 15 16 17 18
        on right: 13 14 15
    statements <statementContainer> (65)
        on left: 19 20 21 22
        on right: 9 19 21 24 25 26 27 28
    statement <statementContainer> (66)
        on left: 23 24 25 26 27 28 29 30 31 32
        on right: 21 22
    term <expressionContainer> (67)
        on left: 33 34 35 36 37 38 39 40
        on right: 42 43 44 45
    multiplicative_expression_0 <expressionContainer> (68)
        on left: 41
        on right: 42 43 44
    multiplicative_expression <expressionContainer> (69)
        on left: 42 43 44 45
        on right: 41 64 65 66
    bool-expr <expressionContainer> (70)
        on left: 46 47
        on right: 24 25 26 27 28 46 56 57
    relation-and-expr <expressionContainer> (71)
        on left: 48 49
        on right: 46 47 48
    relation-expr <expressionContainer> (72)
        on left: 50 51 52 53 54 55 56 57
        on right: 48 49
    comp <comparator> (73)
        on left: 58 59 60 61 62 63
        on right: 50 51
    expression <expressionContainer> (74)
        on left: 64 65 66
        on right: 23 28 32 36 39 50 51 64 65 67 68 72 73
    expression_chain <expressionContainer> (75)
        on left: 67 68
        on right: 35 40 67
    vars <expressionContainer> (76)
        on left: 69 70
        on right: 29 30 69
    var <expressionContainer> (77)
        on left: 71 72 73
        on right: 23 28 33 37 69 70


State 0

    0 $accept: . program $end

    FUNCTION  shift, and go to state 1

    FUNCTION  [reduce using rule 2 (functions)]
    $default  reduce using rule 2 (functions)

    program    go to state 2
    functions  go to state 3
    function   go to state 4


State 1

   10 function: FUNCTION . IDENT SEMICOLON params locals body

    IDENT  shift, and go to state 5


State 2

    0 $accept: program . $end

    $end  shift, and go to state 6


State 3

    1 program: functions .
    3 functions: functions . function

    FUNCTION  shift, and go to state 1

    $default  reduce using rule 1 (program)

    function  go to state 7


State 4

    4 functions: function .

    $default  reduce using rule 4 (functions)


State 5

   10 function: FUNCTION IDENT . SEMICOLON params locals body

    SEMICOLON  shift, and go to state 8


State 6

    0 $accept: program $end .

    $default  accept


State 7

    3 functions: functions function .

    $default  reduce using rule 3 (functions)


State 8

   10 function: FUNCTION IDENT SEMICOLON . params locals body

    BEGIN_PARAMS  shift, and go to state 9

    begin_params  go to state 10
    params        go to state 11


State 9

    5 begin_params: BEGIN_PARAMS .

    $default  reduce using rule 5 (begin_params)


State 10

    7 params: begin_params . declarations end_params

    IDENT  shift, and go to state 12

    $default  reduce using rule 12 (declarations)

    declarations  go to state 13
    declaration   go to state 14


State 11

   10 function: FUNCTION IDENT SEMICOLON params . locals body

    BEGIN_LOCALS  shift, and go to state 15

    locals  go to state 16


State 12

   15 declaration: IDENT . COMMA declaration
   16            | IDENT . COLON INTEGER
   17            | IDENT . COLON ARRAY L_SQUARE_BRACKET NUMBER R_SQUARE_BRACKET OF INTEGER
   18            | IDENT . COLON ARRAY L_SQUARE_BRACKET NUMBER R_SQUARE_BRACKET L_SQUARE_BRACKET NUMBER R_SQUARE_BRACKET OF INTEGER

    COLON  shift, and go to state 17
    COMMA  shift, and go to state 18


State 13

    7 params: begin_params declarations . end_params
   11 declarations: declarations . SEMICOLON
   13             | declarations . SEMICOLON declaration

    END_PARAMS  shift, and go to state 19
    SEMICOLON   shift, and go to state 20

    end_params  go to state 21


State 14

   14 declarations: declaration .

    $default  reduce using rule 14 (declarations)


State 15

    8 locals: BEGIN_LOCALS . declarations END_LOCALS

    IDENT  shift, and go to state 12

    $default  reduce using rule 12 (declarations)

    declarations  go to state 22
    declaration   go to state 14


State 16

   10 function: FUNCTION IDENT SEMICOLON params locals . body

    BEGIN_BODY  shift, and go to state 23

    body  go to state 24


State 17

   16 declaration: IDENT COLON . INTEGER
   17            | IDENT COLON . ARRAY L_SQUARE_BRACKET NUMBER R_SQUARE_BRACKET OF INTEGER
   18            | IDENT COLON . ARRAY L_SQUARE_BRACKET NUMBER R_SQUARE_BRACKET L_SQUARE_BRACKET NUMBER R_SQUARE_BRACKET OF INTEGER

    INTEGER  shift, and go to state 25
    ARRAY    shift, and go to state 26


State 18

   15 declaration: IDENT COMMA . declaration

    IDENT  shift, and go to state 12

    declaration  go to state 27


State 19

    6 end_params: END_PARAMS .

    $default  reduce using rule 6 (end_params)


State 20

   11 declarations: declarations SEMICOLON .
   13             | declarations SEMICOLON . declaration

    IDENT  shift, and go to state 12

    $default  reduce using rule 11 (declarations)

    declaration  go to state 28


State 21

    7 params: begin_params declarations end_params .

    $default  reduce using rule 7 (params)


State 22

    8 locals: BEGIN_LOCALS declarations . END_LOCALS
   11 declarations: declarations . SEMICOLON
   13             | declarations . SEMICOLON declaration

    END_LOCALS  shift, and go to state 29
    SEMICOLON   shift, and go to state 20


State 23

    9 body: BEGIN_BODY . statements END_BODY

    IF        shift, and go to state 30
    WHILE     shift, and go to state 31
    DO        shift, and go to state 32
    FOR       shift, and go to state 33
    CONTINUE  shift, and go to state 34
    RETURN    shift, and go to state 35
    READ      shift, and go to state 36
    WRITE     shift, and go to state 37
    IDENT     shift, and go to state 38

    $default  reduce using rule 20 (statements)

    statements  go to state 39
    statement   go to state 40
    var         go to state 41


State 24

   10 function: FUNCTION IDENT SEMICOLON params locals body .

    $default  reduce using rule 10 (function)


State 25

   16 declaration: IDENT COLON INTEGER .

    $default  reduce using rule 16 (declaration)


State 26

   17 declaration: IDENT COLON ARRAY . L_SQUARE_BRACKET NUMBER R_SQUARE_BRACKET OF INTEGER
   18            | IDENT COLON ARRAY . L_SQUARE_BRACKET NUMBER R_SQUARE_BRACKET L_SQUARE_BRACKET NUMBER R_SQUARE_BRACKET OF INTEGER

    L_SQUARE_BRACKET  shift, and go to state 42


State 27

   15 declaration: IDENT COMMA declaration .

    $default  reduce using rule 15 (declaration)


State 28

   13 declarations: declarations SEMICOLON declaration .

    $default  reduce using rule 13 (declarations)


State 29

    8 locals: BEGIN_LOCALS declarations END_LOCALS .

    $default  reduce using rule 8 (locals)


State 30

   24 statement: IF . bool-expr THEN statements ENDIF
   25          | IF . bool-expr THEN statements ELSE statements ENDIF

    NOT      shift, and go to state 43
    TRUE     shift, and go to state 44
    FALSE    shift, and go to state 45
    SUB      shift, and go to state 46
    L_PAREN  shift, and go to state 47
    IDENT    shift, and go to state 48
    NUMBER   shift, and go to state 49

    term                       go to state 50
    multiplicative_expression  go to state 51
    bool-expr                  go to state 52
    relation-and-expr          go to state 53
    relation-expr              go to state 54
    expression                 go to state 55
    var                        go to state 56


State 31

   26 statement: WHILE . bool-expr BEGINLOOP statements ENDLOOP

    NOT      shift, and go to state 43
    TRUE     shift, and go to state 44
    FALSE    shift, and go to state 45
    SUB      shift, and go to state 46
    L_PAREN  shift, and go to state 47
    IDENT    shift, and go to state 48
    NUMBER   shift, and go to state 49

    term                       go to state 50
    multiplicative_expression  go to state 51
    bool-expr                  go to state 57
    relation-and-expr          go to state 53
    relation-expr              go to state 54
    expression                 go to state 55
    var                        go to state 56


State 32

   27 statement: DO . BEGINLOOP statements ENDLOOP WHILE bool-expr

    BEGINLOOP  shift, and go to state 58


State 33

   28 statement: FOR . var ASSIGN NUMBER SEMICOLON bool-expr SEMICOLON var ASSIGN expression BEGINLOOP statements ENDLOOP

    IDENT  shift, and go to state 38

    var  go to state 59


State 34

   31 statement: CONTINUE .

    $default  reduce using rule 31 (statement)


State 35

   32 statement: RETURN . expression

    SUB      shift, and go to state 46
    L_PAREN  shift, and go to state 60
    IDENT    shift, and go to state 48
    NUMBER   shift, and go to state 49

    term                       go to state 50
    multiplicative_expression  go to state 51
    expression                 go to state 61
    var                        go to state 56


State 36

   29 statement: READ . vars

    IDENT  shift, and go to state 38

    vars  go to state 62
    var   go to state 63


State 37

   30 statement: WRITE . vars

    IDENT  shift, and go to state 38

    vars  go to state 64
    var   go to state 63


State 38

   71 var: IDENT .
   72    | IDENT . L_SQUARE_BRACKET expression R_SQUARE_BRACKET
   73    | IDENT . L_SQUARE_BRACKET expression R_SQUARE_BRACKET L_SQUARE_BRACKET expression R_SQUARE_BRACKET

    L_SQUARE_BRACKET  shift, and go to state 65

    $default  reduce using rule 71 (var)


State 39

    9 body: BEGIN_BODY statements . END_BODY
   19 statements: statements . SEMICOLON
   21           | statements . SEMICOLON statement

    END_BODY   shift, and go to state 66
    SEMICOLON  shift, and go to state 67


State 40

   22 statements: statement .

    $default  reduce using rule 22 (statements)


State 41

   23 statement: var . ASSIGN expression

    ASSIGN  shift, and go to state 68


State 42

   17 declaration: IDENT COLON ARRAY L_SQUARE_BRACKET . NUMBER R_SQUARE_BRACKET OF INTEGER
   18            | IDENT COLON ARRAY L_SQUARE_BRACKET . NUMBER R_SQUARE_BRACKET L_SQUARE_BRACKET NUMBER R_SQUARE_BRACKET OF INTEGER

    NUMBER  shift, and go to state 69


State 43

   51 relation-expr: NOT . expression comp expression
   54              | NOT . TRUE
   55              | NOT . FALSE
   57              | NOT . L_PAREN bool-expr R_PAREN

    TRUE     shift, and go to state 70
    FALSE    shift, and go to state 71
    SUB      shift, and go to state 46
    L_PAREN  shift, and go to state 72
    IDENT    shift, and go to state 48
    NUMBER   shift, and go to state 49

    term                       go to state 50
    multiplicative_expression  go to state 51
    expression                 go to state 73
    var                        go to state 56


State 44

   52 relation-expr: TRUE .

    $default  reduce using rule 52 (relation-expr)


State 45

   53 relation-expr: FALSE .

    $default  reduce using rule 53 (relation-expr)


State 46

   37 term: SUB . var
   38     | SUB . NUMBER
   39     | SUB . L_PAREN expression R_PAREN
   40     | SUB . IDENT L_PAREN expression_chain R_PAREN

    L_PAREN  shift, and go to state 74
    IDENT    shift, and go to state 75
    NUMBER   shift, and go to state 76

    var  go to state 77


State 47

   36 term: L_PAREN . expression R_PAREN
   56 relation-expr: L_PAREN . bool-expr R_PAREN

    NOT      shift, and go to state 43
    TRUE     shift, and go to state 44
    FALSE    shift, and go to state 45
    SUB      shift, and go to state 46
    L_PAREN  shift, and go to state 47
    IDENT    shift, and go to state 48
    NUMBER   shift, and go to state 49

    term                       go to state 50
    multiplicative_expression  go to state 51
    bool-expr                  go to state 78
    relation-and-expr          go to state 53
    relation-expr              go to state 54
    expression                 go to state 79
    var                        go to state 56


State 48

   35 term: IDENT . L_PAREN expression_chain R_PAREN
   71 var: IDENT .
   72    | IDENT . L_SQUARE_BRACKET expression R_SQUARE_BRACKET
   73    | IDENT . L_SQUARE_BRACKET expression R_SQUARE_BRACKET L_SQUARE_BRACKET expression R_SQUARE_BRACKET

    L_PAREN           shift, and go to state 80
    L_SQUARE_BRACKET  shift, and go to state 65

    $default  reduce using rule 71 (var)


State 49

   34 term: NUMBER .

    $default  reduce using rule 34 (term)


State 50

   42 multiplicative_expression: term . MULT multiplicative_expression_0
   43                          | term . DIV multiplicative_expression_0
   44                          | term . MOD multiplicative_expression_0
   45                          | term .

    MULT  shift, and go to state 81
    DIV   shift, and go to state 82
    MOD   shift, and go to state 83

    $default  reduce using rule 45 (multiplicative_expression)


State 51

   64 expression: multiplicative_expression . ADD expression
   65           | multiplicative_expression . SUB expression
   66           | multiplicative_expression .

    ADD  shift, and go to state 84
    SUB  shift, and go to state 85

    $default  reduce using rule 66 (expression)


State 52

   24 statement: IF bool-expr . THEN statements ENDIF
   25          | IF bool-expr . THEN statements ELSE statements ENDIF

    THEN  shift, and go to state 86


State 53

   46 bool-expr: relation-and-expr . OR bool-expr
   47          | relation-and-expr .

    OR  shift, and go to state 87

    $default  reduce using rule 47 (bool-expr)


State 54

   48 relation-and-expr: relation-expr . AND relation-and-expr
   49                  | relation-expr .

    AND  shift, and go to state 88

    $default  reduce using rule 49 (relation-and-expr)


State 55

   50 relation-expr: expression . comp expression

    EQ   shift, and go to state 89
    NEQ  shift, and go to state 90
    LT   shift, and go to state 91
    GT   shift, and go to state 92
    LTE  shift, and go to state 93
    GTE  shift, and go to state 94

    comp  go to state 95


State 56

   33 term: var .

    $default  reduce using rule 33 (term)


State 57

   26 statement: WHILE bool-expr . BEGINLOOP statements ENDLOOP

    BEGINLOOP  shift, and go to state 96


State 58

   27 statement: DO BEGINLOOP . statements ENDLOOP WHILE bool-expr

    IF        shift, and go to state 30
    WHILE     shift, and go to state 31
    DO        shift, and go to state 32
    FOR       shift, and go to state 33
    CONTINUE  shift, and go to state 34
    RETURN    shift, and go to state 35
    READ      shift, and go to state 36
    WRITE     shift, and go to state 37
    IDENT     shift, and go to state 38

    $default  reduce using rule 20 (statements)

    statements  go to state 97
    statement   go to state 40
    var         go to state 41


State 59

   28 statement: FOR var . ASSIGN NUMBER SEMICOLON bool-expr SEMICOLON var ASSIGN expression BEGINLOOP statements ENDLOOP

    ASSIGN  shift, and go to state 98


State 60

   36 term: L_PAREN . expression R_PAREN

    SUB      shift, and go to state 46
    L_PAREN  shift, and go to state 60
    IDENT    shift, and go to state 48
    NUMBER   shift, and go to state 49

    term                       go to state 50
    multiplicative_expression  go to state 51
    expression                 go to state 99
    var                        go to state 56


State 61

   32 statement: RETURN expression .

    $default  reduce using rule 32 (statement)


State 62

   29 statement: READ vars .
   69 vars: vars . COMMA var

    COMMA  shift, and go to state 100

    $default  reduce using rule 29 (statement)


State 63

   70 vars: var .

    $default  reduce using rule 70 (vars)


State 64

   30 statement: WRITE vars .
   69 vars: vars . COMMA var

    COMMA  shift, and go to state 100

    $default  reduce using rule 30 (statement)


State 65

   72 var: IDENT L_SQUARE_BRACKET . expression R_SQUARE_BRACKET
   73    | IDENT L_SQUARE_BRACKET . expression R_SQUARE_BRACKET L_SQUARE_BRACKET expression R_SQUARE_BRACKET

    SUB      shift, and go to state 46
    L_PAREN  shift, and go to state 60
    IDENT    shift, and go to state 48
    NUMBER   shift, and go to state 49

    term                       go to state 50
    multiplicative_expression  go to state 51
    expression                 go to state 101
    var                        go to state 56


State 66

    9 body: BEGIN_BODY statements END_BODY .

    $default  reduce using rule 9 (body)


State 67

   19 statements: statements SEMICOLON .
   21           | statements SEMICOLON . statement

    IF        shift, and go to state 30
    WHILE     shift, and go to state 31
    DO        shift, and go to state 32
    FOR       shift, and go to state 33
    CONTINUE  shift, and go to state 34
    RETURN    shift, and go to state 35
    READ      shift, and go to state 36
    WRITE     shift, and go to state 37
    IDENT     shift, and go to state 38

    $default  reduce using rule 19 (statements)

    statement  go to state 102
    var        go to state 41


State 68

   23 statement: var ASSIGN . expression

    SUB      shift, and go to state 46
    L_PAREN  shift, and go to state 60
    IDENT    shift, and go to state 48
    NUMBER   shift, and go to state 49

    term                       go to state 50
    multiplicative_expression  go to state 51
    expression                 go to state 103
    var                        go to state 56


State 69

   17 declaration: IDENT COLON ARRAY L_SQUARE_BRACKET NUMBER . R_SQUARE_BRACKET OF INTEGER
   18            | IDENT COLON ARRAY L_SQUARE_BRACKET NUMBER . R_SQUARE_BRACKET L_SQUARE_BRACKET NUMBER R_SQUARE_BRACKET OF INTEGER

    R_SQUARE_BRACKET  shift, and go to state 104


State 70

   54 relation-expr: NOT TRUE .

    $default  reduce using rule 54 (relation-expr)


State 71

   55 relation-expr: NOT FALSE .

    $default  reduce using rule 55 (relation-expr)


State 72

   36 term: L_PAREN . expression R_PAREN
   57 relation-expr: NOT L_PAREN . bool-expr R_PAREN

    NOT      shift, and go to state 43
    TRUE     shift, and go to state 44
    FALSE    shift, and go to state 45
    SUB      shift, and go to state 46
    L_PAREN  shift, and go to state 47
    IDENT    shift, and go to state 48
    NUMBER   shift, and go to state 49

    term                       go to state 50
    multiplicative_expression  go to state 51
    bool-expr                  go to state 105
    relation-and-expr          go to state 53
    relation-expr              go to state 54
    expression                 go to state 79
    var                        go to state 56


State 73

   51 relation-expr: NOT expression . comp expression

    EQ   shift, and go to state 89
    NEQ  shift, and go to state 90
    LT   shift, and go to state 91
    GT   shift, and go to state 92
    LTE  shift, and go to state 93
    GTE  shift, and go to state 94

    comp  go to state 106


State 74

   39 term: SUB L_PAREN . expression R_PAREN

    SUB      shift, and go to state 46
    L_PAREN  shift, and go to state 60
    IDENT    shift, and go to state 48
    NUMBER   shift, and go to state 49

    term                       go to state 50
    multiplicative_expression  go to state 51
    expression                 go to state 107
    var                        go to state 56


State 75

   40 term: SUB IDENT . L_PAREN expression_chain R_PAREN
   71 var: IDENT .
   72    | IDENT . L_SQUARE_BRACKET expression R_SQUARE_BRACKET
   73    | IDENT . L_SQUARE_BRACKET expression R_SQUARE_BRACKET L_SQUARE_BRACKET expression R_SQUARE_BRACKET

    L_PAREN           shift, and go to state 108
    L_SQUARE_BRACKET  shift, and go to state 65

    $default  reduce using rule 71 (var)


State 76

   38 term: SUB NUMBER .

    $default  reduce using rule 38 (term)


State 77

   37 term: SUB var .

    $default  reduce using rule 37 (term)


State 78

   56 relation-expr: L_PAREN bool-expr . R_PAREN

    R_PAREN  shift, and go to state 109


State 79

   36 term: L_PAREN expression . R_PAREN
   50 relation-expr: expression . comp expression

    EQ       shift, and go to state 89
    NEQ      shift, and go to state 90
    LT       shift, and go to state 91
    GT       shift, and go to state 92
    LTE      shift, and go to state 93
    GTE      shift, and go to state 94
    R_PAREN  shift, and go to state 110

    comp  go to state 95


State 80

   35 term: IDENT L_PAREN . expression_chain R_PAREN

    SUB      shift, and go to state 46
    L_PAREN  shift, and go to state 60
    IDENT    shift, and go to state 48
    NUMBER   shift, and go to state 49

    term                       go to state 50
    multiplicative_expression  go to state 51
    expression                 go to state 111
    expression_chain           go to state 112
    var                        go to state 56


State 81

   42 multiplicative_expression: term MULT . multiplicative_expression_0

    SUB      shift, and go to state 46
    L_PAREN  shift, and go to state 60
    IDENT    shift, and go to state 48
    NUMBER   shift, and go to state 49

    term                         go to state 50
    multiplicative_expression_0  go to state 113
    multiplicative_expression    go to state 114
    var                          go to state 56


State 82

   43 multiplicative_expression: term DIV . multiplicative_expression_0

    SUB      shift, and go to state 46
    L_PAREN  shift, and go to state 60
    IDENT    shift, and go to state 48
    NUMBER   shift, and go to state 49

    term                         go to state 50
    multiplicative_expression_0  go to state 115
    multiplicative_expression    go to state 114
    var                          go to state 56


State 83

   44 multiplicative_expression: term MOD . multiplicative_expression_0

    SUB      shift, and go to state 46
    L_PAREN  shift, and go to state 60
    IDENT    shift, and go to state 48
    NUMBER   shift, and go to state 49

    term                         go to state 50
    multiplicative_expression_0  go to state 116
    multiplicative_expression    go to state 114
    var                          go to state 56


State 84

   64 expression: multiplicative_expression ADD . expression

    SUB      shift, and go to state 46
    L_PAREN  shift, and go to state 60
    IDENT    shift, and go to state 48
    NUMBER   shift, and go to state 49

    term                       go to state 50
    multiplicative_expression  go to state 51
    expression                 go to state 117
    var                        go to state 56


State 85

   65 expression: multiplicative_expression SUB . expression

    SUB      shift, and go to state 46
    L_PAREN  shift, and go to state 60
    IDENT    shift, and go to state 48
    NUMBER   shift, and go to state 49

    term                       go to state 50
    multiplicative_expression  go to state 51
    expression                 go to state 118
    var                        go to state 56


State 86

   24 statement: IF bool-expr THEN . statements ENDIF
   25          | IF bool-expr THEN . statements ELSE statements ENDIF

    IF        shift, and go to state 30
    WHILE     shift, and go to state 31
    DO        shift, and go to state 32
    FOR       shift, and go to state 33
    CONTINUE  shift, and go to state 34
    RETURN    shift, and go to state 35
    READ      shift, and go to state 36
    WRITE     shift, and go to state 37
    IDENT     shift, and go to state 38

    $default  reduce using rule 20 (statements)

    statements  go to state 119
    statement   go to state 40
    var         go to state 41


State 87

   46 bool-expr: relation-and-expr OR . bool-expr

    NOT      shift, and go to state 43
    TRUE     shift, and go to state 44
    FALSE    shift, and go to state 45
    SUB      shift, and go to state 46
    L_PAREN  shift, and go to state 47
    IDENT    shift, and go to state 48
    NUMBER   shift, and go to state 49

    term                       go to state 50
    multiplicative_expression  go to state 51
    bool-expr                  go to state 120
    relation-and-expr          go to state 53
    relation-expr              go to state 54
    expression                 go to state 55
    var                        go to state 56


State 88

   48 relation-and-expr: relation-expr AND . relation-and-expr

    NOT      shift, and go to state 43
    TRUE     shift, and go to state 44
    FALSE    shift, and go to state 45
    SUB      shift, and go to state 46
    L_PAREN  shift, and go to state 47
    IDENT    shift, and go to state 48
    NUMBER   shift, and go to state 49

    term                       go to state 50
    multiplicative_expression  go to state 51
    relation-and-expr          go to state 121
    relation-expr              go to state 54
    expression                 go to state 55
    var                        go to state 56


State 89

   58 comp: EQ .

    $default  reduce using rule 58 (comp)


State 90

   59 comp: NEQ .

    $default  reduce using rule 59 (comp)


State 91

   60 comp: LT .

    $default  reduce using rule 60 (comp)


State 92

   61 comp: GT .

    $default  reduce using rule 61 (comp)


State 93

   62 comp: LTE .

    $default  reduce using rule 62 (comp)


State 94

   63 comp: GTE .

    $default  reduce using rule 63 (comp)


State 95

   50 relation-expr: expression comp . expression

    SUB      shift, and go to state 46
    L_PAREN  shift, and go to state 60
    IDENT    shift, and go to state 48
    NUMBER   shift, and go to state 49

    term                       go to state 50
    multiplicative_expression  go to state 51
    expression                 go to state 122
    var                        go to state 56


State 96

   26 statement: WHILE bool-expr BEGINLOOP . statements ENDLOOP

    IF        shift, and go to state 30
    WHILE     shift, and go to state 31
    DO        shift, and go to state 32
    FOR       shift, and go to state 33
    CONTINUE  shift, and go to state 34
    RETURN    shift, and go to state 35
    READ      shift, and go to state 36
    WRITE     shift, and go to state 37
    IDENT     shift, and go to state 38

    $default  reduce using rule 20 (statements)

    statements  go to state 123
    statement   go to state 40
    var         go to state 41


State 97

   19 statements: statements . SEMICOLON
   21           | statements . SEMICOLON statement
   27 statement: DO BEGINLOOP statements . ENDLOOP WHILE bool-expr

    ENDLOOP    shift, and go to state 124
    SEMICOLON  shift, and go to state 67


State 98

   28 statement: FOR var ASSIGN . NUMBER SEMICOLON bool-expr SEMICOLON var ASSIGN expression BEGINLOOP statements ENDLOOP

    NUMBER  shift, and go to state 125


State 99

   36 term: L_PAREN expression . R_PAREN

    R_PAREN  shift, and go to state 110


State 100

   69 vars: vars COMMA . var

    IDENT  shift, and go to state 38

    var  go to state 126


State 101

   72 var: IDENT L_SQUARE_BRACKET expression . R_SQUARE_BRACKET
   73    | IDENT L_SQUARE_BRACKET expression . R_SQUARE_BRACKET L_SQUARE_BRACKET expression R_SQUARE_BRACKET

    R_SQUARE_BRACKET  shift, and go to state 127


State 102

   21 statements: statements SEMICOLON statement .

    $default  reduce using rule 21 (statements)


State 103

   23 statement: var ASSIGN expression .

    $default  reduce using rule 23 (statement)


State 104

   17 declaration: IDENT COLON ARRAY L_SQUARE_BRACKET NUMBER R_SQUARE_BRACKET . OF INTEGER
   18            | IDENT COLON ARRAY L_SQUARE_BRACKET NUMBER R_SQUARE_BRACKET . L_SQUARE_BRACKET NUMBER R_SQUARE_BRACKET OF INTEGER

    OF                shift, and go to state 128
    L_SQUARE_BRACKET  shift, and go to state 129


State 105

   57 relation-expr: NOT L_PAREN bool-expr . R_PAREN

    R_PAREN  shift, and go to state 130


State 106

   51 relation-expr: NOT expression comp . expression

    SUB      shift, and go to state 46
    L_PAREN  shift, and go to state 60
    IDENT    shift, and go to state 48
    NUMBER   shift, and go to state 49

    term                       go to state 50
    multiplicative_expression  go to state 51
    expression                 go to state 131
    var                        go to state 56


State 107

   39 term: SUB L_PAREN expression . R_PAREN

    R_PAREN  shift, and go to state 132


State 108

   40 term: SUB IDENT L_PAREN . expression_chain R_PAREN

    SUB      shift, and go to state 46
    L_PAREN  shift, and go to state 60
    IDENT    shift, and go to state 48
    NUMBER   shift, and go to state 49

    term                       go to state 50
    multiplicative_expression  go to state 51
    expression                 go to state 111
    expression_chain           go to state 133
    var                        go to state 56


State 109

   56 relation-expr: L_PAREN bool-expr R_PAREN .

    $default  reduce using rule 56 (relation-expr)


State 110

   36 term: L_PAREN expression R_PAREN .

    $default  reduce using rule 36 (term)


State 111

   68 expression_chain: expression .

    $default  reduce using rule 68 (expression_chain)


State 112

   35 term: IDENT L_PAREN expression_chain . R_PAREN
   67 expression_chain: expression_chain . COMMA expression

    R_PAREN  shift, and go to state 134
    COMMA    shift, and go to state 135


State 113

   42 multiplicative_expression: term MULT multiplicative_expression_0 .

    $default  reduce using rule 42 (multiplicative_expression)


State 114

   41 multiplicative_expression_0: multiplicative_expression .

    $default  reduce using rule 41 (multiplicative_expression_0)


State 115

   43 multiplicative_expression: term DIV multiplicative_expression_0 .

    $default  reduce using rule 43 (multiplicative_expression)


State 116

   44 multiplicative_expression: term MOD multiplicative_expression_0 .

    $default  reduce using rule 44 (multiplicative_expression)


State 117

   64 expression: multiplicative_expression ADD expression .

    $default  reduce using rule 64 (expression)


State 118

   65 expression: multiplicative_expression SUB expression .

    $default  reduce using rule 65 (expression)


State 119

   19 statements: statements . SEMICOLON
   21           | statements . SEMICOLON statement
   24 statement: IF bool-expr THEN statements . ENDIF
   25          | IF bool-expr THEN statements . ELSE statements ENDIF

    ELSE       shift, and go to state 136
    ENDIF      shift, and go to state 137
    SEMICOLON  shift, and go to state 67


State 120

   46 bool-expr: relation-and-expr OR bool-expr .

    $default  reduce using rule 46 (bool-expr)


State 121

   48 relation-and-expr: relation-expr AND relation-and-expr .

    $default  reduce using rule 48 (relation-and-expr)


State 122

   50 relation-expr: expression comp expression .

    $default  reduce using rule 50 (relation-expr)


State 123

   19 statements: statements . SEMICOLON
   21           | statements . SEMICOLON statement
   26 statement: WHILE bool-expr BEGINLOOP statements . ENDLOOP

    ENDLOOP    shift, and go to state 138
    SEMICOLON  shift, and go to state 67


State 124

   27 statement: DO BEGINLOOP statements ENDLOOP . WHILE bool-expr

    WHILE  shift, and go to state 139


State 125

   28 statement: FOR var ASSIGN NUMBER . SEMICOLON bool-expr SEMICOLON var ASSIGN expression BEGINLOOP statements ENDLOOP

    SEMICOLON  shift, and go to state 140


State 126

   69 vars: vars COMMA var .

    $default  reduce using rule 69 (vars)


State 127

   72 var: IDENT L_SQUARE_BRACKET expression R_SQUARE_BRACKET .
   73    | IDENT L_SQUARE_BRACKET expression R_SQUARE_BRACKET . L_SQUARE_BRACKET expression R_SQUARE_BRACKET

    L_SQUARE_BRACKET  shift, and go to state 141

    $default  reduce using rule 72 (var)


State 128

   17 declaration: IDENT COLON ARRAY L_SQUARE_BRACKET NUMBER R_SQUARE_BRACKET OF . INTEGER

    INTEGER  shift, and go to state 142


State 129

   18 declaration: IDENT COLON ARRAY L_SQUARE_BRACKET NUMBER R_SQUARE_BRACKET L_SQUARE_BRACKET . NUMBER R_SQUARE_BRACKET OF INTEGER

    NUMBER  shift, and go to state 143


State 130

   57 relation-expr: NOT L_PAREN bool-expr R_PAREN .

    $default  reduce using rule 57 (relation-expr)


State 131

   51 relation-expr: NOT expression comp expression .

    $default  reduce using rule 51 (relation-expr)


State 132

   39 term: SUB L_PAREN expression R_PAREN .

    $default  reduce using rule 39 (term)


State 133

   40 term: SUB IDENT L_PAREN expression_chain . R_PAREN
   67 expression_chain: expression_chain . COMMA expression

    R_PAREN  shift, and go to state 144
    COMMA    shift, and go to state 135


State 134

   35 term: IDENT L_PAREN expression_chain R_PAREN .

    $default  reduce using rule 35 (term)


State 135

   67 expression_chain: expression_chain COMMA . expression

    SUB      shift, and go to state 46
    L_PAREN  shift, and go to state 60
    IDENT    shift, and go to state 48
    NUMBER   shift, and go to state 49

    term                       go to state 50
    multiplicative_expression  go to state 51
    expression                 go to state 145
    var                        go to state 56


State 136

   25 statement: IF bool-expr THEN statements ELSE . statements ENDIF

    IF        shift, and go to state 30
    WHILE     shift, and go to state 31
    DO        shift, and go to state 32
    FOR       shift, and go to state 33
    CONTINUE  shift, and go to state 34
    RETURN    shift, and go to state 35
    READ      shift, and go to state 36
    WRITE     shift, and go to state 37
    IDENT     shift, and go to state 38

    $default  reduce using rule 20 (statements)

    statements  go to state 146
    statement   go to state 40
    var         go to state 41


State 137

   24 statement: IF bool-expr THEN statements ENDIF .

    $default  reduce using rule 24 (statement)


State 138

   26 statement: WHILE bool-expr BEGINLOOP statements ENDLOOP .

    $default  reduce using rule 26 (statement)


State 139

   27 statement: DO BEGINLOOP statements ENDLOOP WHILE . bool-expr

    NOT      shift, and go to state 43
    TRUE     shift, and go to state 44
    FALSE    shift, and go to state 45
    SUB      shift, and go to state 46
    L_PAREN  shift, and go to state 47
    IDENT    shift, and go to state 48
    NUMBER   shift, and go to state 49

    term                       go to state 50
    multiplicative_expression  go to state 51
    bool-expr                  go to state 147
    relation-and-expr          go to state 53
    relation-expr              go to state 54
    expression                 go to state 55
    var                        go to state 56


State 140

   28 statement: FOR var ASSIGN NUMBER SEMICOLON . bool-expr SEMICOLON var ASSIGN expression BEGINLOOP statements ENDLOOP

    NOT      shift, and go to state 43
    TRUE     shift, and go to state 44
    FALSE    shift, and go to state 45
    SUB      shift, and go to state 46
    L_PAREN  shift, and go to state 47
    IDENT    shift, and go to state 48
    NUMBER   shift, and go to state 49

    term                       go to state 50
    multiplicative_expression  go to state 51
    bool-expr                  go to state 148
    relation-and-expr          go to state 53
    relation-expr              go to state 54
    expression                 go to state 55
    var                        go to state 56


State 141

   73 var: IDENT L_SQUARE_BRACKET expression R_SQUARE_BRACKET L_SQUARE_BRACKET . expression R_SQUARE_BRACKET

    SUB      shift, and go to state 46
    L_PAREN  shift, and go to state 60
    IDENT    shift, and go to state 48
    NUMBER   shift, and go to state 49

    term                       go to state 50
    multiplicative_expression  go to state 51
    expression                 go to state 149
    var                        go to state 56


State 142

   17 declaration: IDENT COLON ARRAY L_SQUARE_BRACKET NUMBER R_SQUARE_BRACKET OF INTEGER .

    $default  reduce using rule 17 (declaration)


State 143

   18 declaration: IDENT COLON ARRAY L_SQUARE_BRACKET NUMBER R_SQUARE_BRACKET L_SQUARE_BRACKET NUMBER . R_SQUARE_BRACKET OF INTEGER

    R_SQUARE_BRACKET  shift, and go to state 150


State 144

   40 term: SUB IDENT L_PAREN expression_chain R_PAREN .

    $default  reduce using rule 40 (term)


State 145

   67 expression_chain: expression_chain COMMA expression .

    $default  reduce using rule 67 (expression_chain)


State 146

   19 statements: statements . SEMICOLON
   21           | statements . SEMICOLON statement
   25 statement: IF bool-expr THEN statements ELSE statements . ENDIF

    ENDIF      shift, and go to state 151
    SEMICOLON  shift, and go to state 67


State 147

   27 statement: DO BEGINLOOP statements ENDLOOP WHILE bool-expr .

    $default  reduce using rule 27 (statement)


State 148

   28 statement: FOR var ASSIGN NUMBER SEMICOLON bool-expr . SEMICOLON var ASSIGN expression BEGINLOOP statements ENDLOOP

    SEMICOLON  shift, and go to state 152


State 149

   73 var: IDENT L_SQUARE_BRACKET expression R_SQUARE_BRACKET L_SQUARE_BRACKET expression . R_SQUARE_BRACKET

    R_SQUARE_BRACKET  shift, and go to state 153


State 150

   18 declaration: IDENT COLON ARRAY L_SQUARE_BRACKET NUMBER R_SQUARE_BRACKET L_SQUARE_BRACKET NUMBER R_SQUARE_BRACKET . OF INTEGER

    OF  shift, and go to state 154


State 151

   25 statement: IF bool-expr THEN statements ELSE statements ENDIF .

    $default  reduce using rule 25 (statement)


State 152

   28 statement: FOR var ASSIGN NUMBER SEMICOLON bool-expr SEMICOLON . var ASSIGN expression BEGINLOOP statements ENDLOOP

    IDENT  shift, and go to state 38

    var  go to state 155


State 153

   73 var: IDENT L_SQUARE_BRACKET expression R_SQUARE_BRACKET L_SQUARE_BRACKET expression R_SQUARE_BRACKET .

    $default  reduce using rule 73 (var)


State 154

   18 declaration: IDENT COLON ARRAY L_SQUARE_BRACKET NUMBER R_SQUARE_BRACKET L_SQUARE_BRACKET NUMBER R_SQUARE_BRACKET OF . INTEGER

    INTEGER  shift, and go to state 156


State 155

   28 statement: FOR var ASSIGN NUMBER SEMICOLON bool-expr SEMICOLON var . ASSIGN expression BEGINLOOP statements ENDLOOP

    ASSIGN  shift, and go to state 157


State 156

   18 declaration: IDENT COLON ARRAY L_SQUARE_BRACKET NUMBER R_SQUARE_BRACKET L_SQUARE_BRACKET NUMBER R_SQUARE_BRACKET OF INTEGER .

    $default  reduce using rule 18 (declaration)


State 157

   28 statement: FOR var ASSIGN NUMBER SEMICOLON bool-expr SEMICOLON var ASSIGN . expression BEGINLOOP statements ENDLOOP

    SUB      shift, and go to state 46
    L_PAREN  shift, and go to state 60
    IDENT    shift, and go to state 48
    NUMBER   shift, and go to state 49

    term                       go to state 50
    multiplicative_expression  go to state 51
    expression                 go to state 158
    var                        go to state 56


State 158

   28 statement: FOR var ASSIGN NUMBER SEMICOLON bool-expr SEMICOLON var ASSIGN expression . BEGINLOOP statements ENDLOOP

    BEGINLOOP  shift, and go to state 159


State 159

   28 statement: FOR var ASSIGN NUMBER SEMICOLON bool-expr SEMICOLON var ASSIGN expression BEGINLOOP . statements ENDLOOP

    IF        shift, and go to state 30
    WHILE     shift, and go to state 31
    DO        shift, and go to state 32
    FOR       shift, and go to state 33
    CONTINUE  shift, and go to state 34
    RETURN    shift, and go to state 35
    READ      shift, and go to state 36
    WRITE     shift, and go to state 37
    IDENT     shift, and go to state 38

    $default  reduce using rule 20 (statements)

    statements  go to state 160
    statement   go to state 40
    var         go to state 41


State 160

   19 statements: statements . SEMICOLON
   21           | statements . SEMICOLON statement
   28 statement: FOR var ASSIGN NUMBER SEMICOLON bool-expr SEMICOLON var ASSIGN expression BEGINLOOP statements . ENDLOOP

    ENDLOOP    shift, and go to state 161
    SEMICOLON  shift, and go to state 67


State 161

   28 statement: FOR var ASSIGN NUMBER SEMICOLON bool-expr SEMICOLON var ASSIGN expression BEGINLOOP statements ENDLOOP .

    $default  reduce using rule 28 (statement)
